[2025-08-24 15:43:07Z INFO HostContext] No proxy settings were found based on environmental variables (http_proxy/https_proxy/HTTP_PROXY/HTTPS_PROXY)
[2025-08-24 15:43:07Z INFO HostContext] Well known directory 'Bin': 'C:\Selenium\Demo\actions-runner\bin'
[2025-08-24 15:43:07Z INFO HostContext] Well known directory 'Root': 'C:\Selenium\Demo\actions-runner'
[2025-08-24 15:43:07Z INFO HostContext] Well known config file 'Credentials': 'C:\Selenium\Demo\actions-runner\.credentials'
[2025-08-24 15:43:07Z INFO HostContext] Well known directory 'Bin': 'C:\Selenium\Demo\actions-runner\bin'
[2025-08-24 15:43:07Z INFO HostContext] Well known directory 'Root': 'C:\Selenium\Demo\actions-runner'
[2025-08-24 15:43:07Z INFO HostContext] Well known config file 'Runner': 'C:\Selenium\Demo\actions-runner\.runner'
[2025-08-24 15:43:07Z INFO Listener] Runner is built for Windows (X64) - win-x64.
[2025-08-24 15:43:07Z INFO Listener] RuntimeInformation: Microsoft Windows 10.0.26100.
[2025-08-24 15:43:07Z INFO Listener] Version: 2.328.0
[2025-08-24 15:43:07Z INFO Listener] Commit: 6f9a9110adce65f44ca6f7c0ae142b9cc6af937b
[2025-08-24 15:43:07Z INFO Listener] Culture: en-US
[2025-08-24 15:43:07Z INFO Listener] UI Culture: en-US
[2025-08-24 15:43:07Z INFO HostContext] Well known directory 'Bin': 'C:\Selenium\Demo\actions-runner\bin'
[2025-08-24 15:43:07Z INFO HostContext] Well known directory 'Root': 'C:\Selenium\Demo\actions-runner'
[2025-08-24 15:43:07Z INFO Listener] Validating directory permissions for: 'C:\Selenium\Demo\actions-runner'
[2025-08-24 15:43:07Z INFO CommandLineParser] Parse
[2025-08-24 15:43:07Z INFO CommandLineParser] Parsing 1 args
[2025-08-24 15:43:07Z INFO CommandLineParser] parsing argument
[2025-08-24 15:43:07Z INFO CommandLineParser] HasArgs: False
[2025-08-24 15:43:07Z INFO CommandLineParser] Adding Command: run
[2025-08-24 15:43:07Z INFO Listener] Arguments parsed
[2025-08-24 15:43:07Z INFO Runner] ExecuteCommand
[2025-08-24 15:43:07Z INFO ConfigurationStore] currentAssemblyLocation: C:\Selenium\Demo\actions-runner\bin\Runner.Listener.dll
[2025-08-24 15:43:07Z INFO HostContext] Well known directory 'Bin': 'C:\Selenium\Demo\actions-runner\bin'
[2025-08-24 15:43:07Z INFO ConfigurationStore] binPath: C:\Selenium\Demo\actions-runner\bin
[2025-08-24 15:43:07Z INFO HostContext] Well known directory 'Bin': 'C:\Selenium\Demo\actions-runner\bin'
[2025-08-24 15:43:07Z INFO HostContext] Well known directory 'Root': 'C:\Selenium\Demo\actions-runner'
[2025-08-24 15:43:07Z INFO ConfigurationStore] RootFolder: C:\Selenium\Demo\actions-runner
[2025-08-24 15:43:07Z INFO HostContext] Well known directory 'Bin': 'C:\Selenium\Demo\actions-runner\bin'
[2025-08-24 15:43:07Z INFO HostContext] Well known directory 'Root': 'C:\Selenium\Demo\actions-runner'
[2025-08-24 15:43:07Z INFO HostContext] Well known config file 'Runner': 'C:\Selenium\Demo\actions-runner\.runner'
[2025-08-24 15:43:07Z INFO ConfigurationStore] ConfigFilePath: C:\Selenium\Demo\actions-runner\.runner
[2025-08-24 15:43:07Z INFO HostContext] Well known directory 'Bin': 'C:\Selenium\Demo\actions-runner\bin'
[2025-08-24 15:43:07Z INFO HostContext] Well known directory 'Root': 'C:\Selenium\Demo\actions-runner'
[2025-08-24 15:43:07Z INFO HostContext] Well known config file 'MigratedRunner': 'C:\Selenium\Demo\actions-runner\.runner_migrated'
[2025-08-24 15:43:07Z INFO ConfigurationStore] MigratedConfigFilePath: C:\Selenium\Demo\actions-runner\.runner_migrated
[2025-08-24 15:43:07Z INFO HostContext] Well known directory 'Bin': 'C:\Selenium\Demo\actions-runner\bin'
[2025-08-24 15:43:07Z INFO HostContext] Well known directory 'Root': 'C:\Selenium\Demo\actions-runner'
[2025-08-24 15:43:07Z INFO HostContext] Well known config file 'Credentials': 'C:\Selenium\Demo\actions-runner\.credentials'
[2025-08-24 15:43:07Z INFO ConfigurationStore] CredFilePath: C:\Selenium\Demo\actions-runner\.credentials
[2025-08-24 15:43:07Z INFO HostContext] Well known directory 'Bin': 'C:\Selenium\Demo\actions-runner\bin'
[2025-08-24 15:43:07Z INFO HostContext] Well known directory 'Root': 'C:\Selenium\Demo\actions-runner'
[2025-08-24 15:43:07Z INFO HostContext] Well known config file 'MigratedCredentials': 'C:\Selenium\Demo\actions-runner\.credentials_migrated'
[2025-08-24 15:43:07Z INFO ConfigurationStore] MigratedCredFilePath: C:\Selenium\Demo\actions-runner\.credentials_migrated
[2025-08-24 15:43:07Z INFO HostContext] Well known directory 'Bin': 'C:\Selenium\Demo\actions-runner\bin'
[2025-08-24 15:43:07Z INFO HostContext] Well known directory 'Root': 'C:\Selenium\Demo\actions-runner'
[2025-08-24 15:43:07Z INFO HostContext] Well known config file 'Service': 'C:\Selenium\Demo\actions-runner\.service'
[2025-08-24 15:43:07Z INFO ConfigurationStore] ServiceConfigFilePath: C:\Selenium\Demo\actions-runner\.service
[2025-08-24 15:43:07Z INFO CommandSettings] Flag 'help': 'False'
[2025-08-24 15:43:07Z INFO CommandSettings] Flag 'version': 'False'
[2025-08-24 15:43:07Z INFO CommandSettings] Flag 'commit': 'False'
[2025-08-24 15:43:07Z INFO CommandSettings] Flag 'check': 'False'
[2025-08-24 15:43:07Z INFO CommandSettings] Command 'configure': 'False'
[2025-08-24 15:43:07Z INFO CommandSettings] Command 'remove': 'False'
[2025-08-24 15:43:07Z INFO CommandSettings] Command 'warmup': 'False'
[2025-08-24 15:43:07Z INFO ConfigurationManager] LoadSettings
[2025-08-24 15:43:07Z INFO ConfigurationStore] IsConfigured()
[2025-08-24 15:43:07Z INFO ConfigurationStore] IsConfigured: True
[2025-08-24 15:43:07Z INFO ConfigurationManager] Is configured: True
[2025-08-24 15:43:07Z INFO ConfigurationStore] Read setting file: 388 chars
[2025-08-24 15:43:07Z INFO ConfigurationManager] Settings Loaded
[2025-08-24 15:43:07Z INFO ConfigurationStore] IsServiceConfigured()
[2025-08-24 15:43:07Z INFO ConfigurationStore] IsServiceConfigured: False
[2025-08-24 15:43:07Z INFO CommandSettings] Command 'run': 'True'
[2025-08-24 15:43:07Z INFO ConfigurationStore] IsConfigured()
[2025-08-24 15:43:07Z INFO ConfigurationStore] IsConfigured: True
[2025-08-24 15:43:07Z INFO ConfigurationManager] Is configured: True
[2025-08-24 15:43:07Z INFO Runner] Could not parse the argument value '' for StartupType. Defaulting to Manual
[2025-08-24 15:43:07Z INFO Runner] Set runner startup type - Manual
[2025-08-24 15:43:07Z INFO CommandSettings] Flag 'once': 'False'
[2025-08-24 15:43:07Z INFO CommandSettings] Flag 'once': 'False'
[2025-08-24 15:43:07Z INFO Runner] RunAsync
[2025-08-24 15:43:07Z INFO ConfigurationManager] LoadMigratedSettings
[2025-08-24 15:43:07Z INFO ConfigurationStore] IsMigratedConfigured()
[2025-08-24 15:43:07Z INFO ConfigurationStore] IsMigratedConfigured: False
[2025-08-24 15:43:07Z INFO Runner] Failed to load migrated settings: No migrated configuration found.
[2025-08-24 15:43:07Z INFO Runner] Falling back to original .runner settings
[2025-08-24 15:43:07Z INFO Runner] Using BrokerMessageListener
[2025-08-24 15:43:07Z INFO BrokerMessageListener] Using provided settings
[2025-08-24 15:43:07Z INFO BrokerMessageListener] {
  "AgentId": 21,
  "AgentName": "TARUN",
  "PoolId": 1,
  "PoolName": "Default",
  "ServerUrl": "https://pipelinesghubeus12.actions.githubusercontent.com/gnYMN5JC3KnHinSUQJGJhVQsKQcJPOPuzPC8ZW5W3sRIElWtGF/",
  "GitHubUrl": "https://github.com/tarun3834/Selenium",
  "WorkFolder": "_work",
  "UseV2Flow": true,
  "ServerUrlV2": "https://broker.actions.githubusercontent.com/"
}
[2025-08-24 15:43:07Z INFO BrokerMessageListener] Loading Credentials
[2025-08-24 15:43:07Z INFO ConfigurationStore] HasCredentials()
[2025-08-24 15:43:07Z INFO ConfigurationStore] stored True
[2025-08-24 15:43:07Z INFO CredentialManager] GetCredentialProvider
[2025-08-24 15:43:07Z INFO CredentialManager] Creating type OAuth
[2025-08-24 15:43:07Z INFO CredentialManager] Creating credential type: OAuth
[2025-08-24 15:43:07Z INFO HostContext] Well known directory 'Bin': 'C:\Selenium\Demo\actions-runner\bin'
[2025-08-24 15:43:07Z INFO HostContext] Well known directory 'Root': 'C:\Selenium\Demo\actions-runner'
[2025-08-24 15:43:07Z INFO HostContext] Well known config file 'RSACredentials': 'C:\Selenium\Demo\actions-runner\.credentials_rsaparams'
[2025-08-24 15:43:07Z INFO RSAEncryptedFileKeyManager] Loading RSA key parameters from file C:\Selenium\Demo\actions-runner\.credentials_rsaparams
[2025-08-24 15:43:07Z INFO BrokerMessageListener] Attempt to create session.
[2025-08-24 15:43:07Z INFO BrokerMessageListener] Connecting to the Broker Server...
[2025-08-24 15:43:07Z INFO ConfigurationStore] HasCredentials()
[2025-08-24 15:43:07Z INFO ConfigurationStore] stored True
[2025-08-24 15:43:07Z INFO CredentialManager] GetCredentialProvider
[2025-08-24 15:43:07Z INFO CredentialManager] Creating type OAuth
[2025-08-24 15:43:07Z INFO CredentialManager] Creating credential type: OAuth
[2025-08-24 15:43:07Z INFO RSAEncryptedFileKeyManager] Loading RSA key parameters from file C:\Selenium\Demo\actions-runner\.credentials_rsaparams
[2025-08-24 15:43:07Z INFO BrokerMessageListener] VssConnection created
[2025-08-24 15:43:07Z INFO BrokerMessageListener] Connecting to the Runner server...
[2025-08-24 15:43:07Z INFO RunnerServer] EstablishVssConnection
[2025-08-24 15:43:07Z INFO RunnerServer] Establish connection with 100 seconds timeout.
[2025-08-24 15:43:07Z INFO GitHubActionsService] Starting operation Location.GetConnectionData
[2025-08-24 15:43:07Z INFO RunnerServer] EstablishVssConnection
[2025-08-24 15:43:07Z INFO RunnerServer] Establish connection with 60 seconds timeout.
[2025-08-24 15:43:07Z INFO GitHubActionsService] Starting operation Location.GetConnectionData
[2025-08-24 15:43:07Z INFO RunnerServer] EstablishVssConnection
[2025-08-24 15:43:07Z INFO RunnerServer] Establish connection with 60 seconds timeout.
[2025-08-24 15:43:07Z INFO GitHubActionsService] Starting operation Location.GetConnectionData
[2025-08-24 15:43:08Z INFO GitHubActionsService] Finished operation Location.GetConnectionData
[2025-08-24 15:43:08Z INFO GitHubActionsService] Finished operation Location.GetConnectionData
[2025-08-24 15:43:08Z INFO GitHubActionsService] Finished operation Location.GetConnectionData
[2025-08-24 15:43:09Z INFO BrokerMessageListener] VssConnection created
[2025-08-24 15:43:09Z INFO Terminal] WRITE LINE: 
[2025-08-24 15:43:09Z INFO Terminal] WRITE LINE: 
[2025-08-24 15:43:09Z INFO RSAEncryptedFileKeyManager] Loading RSA key parameters from file C:\Selenium\Demo\actions-runner\.credentials_rsaparams
[2025-08-24 15:43:09Z INFO RSAEncryptedFileKeyManager] Loading RSA key parameters from file C:\Selenium\Demo\actions-runner\.credentials_rsaparams
[2025-08-24 15:43:09Z INFO GitHubActionsService] AAD Correlation ID for this token request: Unknown
[2025-08-24 15:43:10Z INFO BrokerMessageListener] Session created.
[2025-08-24 15:43:10Z INFO Terminal] WRITE LINE: Current runner version: '2.328.0'
[2025-08-24 15:43:10Z INFO Terminal] WRITE LINE: 2025-08-24 15:43:10Z: Listening for Jobs
[2025-08-24 15:43:10Z INFO JobDispatcher] Set runner/worker IPC timeout to 30 seconds.
[2025-08-24 15:43:11Z INFO ConfigurationStore] HasCredentials()
[2025-08-24 15:43:11Z INFO ConfigurationStore] stored True
[2025-08-24 15:43:11Z INFO CredentialManager] GetCredentialProvider
[2025-08-24 15:43:11Z INFO CredentialManager] Creating type OAuth
[2025-08-24 15:43:11Z INFO CredentialManager] Creating credential type: OAuth
[2025-08-24 15:43:11Z INFO RSAEncryptedFileKeyManager] Loading RSA key parameters from file C:\Selenium\Demo\actions-runner\.credentials_rsaparams
[2025-08-24 15:43:11Z INFO RSAEncryptedFileKeyManager] Loading RSA key parameters from file C:\Selenium\Demo\actions-runner\.credentials_rsaparams
[2025-08-24 15:43:11Z INFO RSAEncryptedFileKeyManager] Loading RSA key parameters from file C:\Selenium\Demo\actions-runner\.credentials_rsaparams
[2025-08-24 15:43:12Z INFO GitHubActionsService] AAD Correlation ID for this token request: Unknown
[2025-08-24 15:43:13Z INFO JobDispatcher] Job request 0 for plan 339241f8-0b68-4f7a-9fc3-6750b55fd64a job 7abc7f68-4cc7-5061-8d41-6ade6b1883d4 received.
[2025-08-24 15:43:13Z INFO JobDispatcher] Pull OrchestrationId 339241f8-0b68-4f7a-9fc3-6750b55fd64a.selenium-test.__default from JWT claims
[2025-08-24 15:43:13Z INFO BrokerMessageListener] Received job status event. JobState: Busy
[2025-08-24 15:43:13Z INFO BrokerMessageListener] _getMessagesTokenSource is already disposed.
[2025-08-24 15:43:13Z INFO Terminal] WRITE LINE: 2025-08-24 15:43:13Z: Running job: selenium-test
[2025-08-24 15:43:13Z INFO JobDispatcher] Start renew job request 0 for job 7abc7f68-4cc7-5061-8d41-6ade6b1883d4.
[2025-08-24 15:43:14Z INFO JobDispatcher] Successfully renew job 7abc7f68-4cc7-5061-8d41-6ade6b1883d4, job is valid till 8/24/2025 3:53:13 PM
[2025-08-24 15:43:14Z INFO HostContext] Well known directory 'Bin': 'C:\Selenium\Demo\actions-runner\bin'
[2025-08-24 15:43:14Z INFO ProcessInvokerWrapper] Starting process:
[2025-08-24 15:43:14Z INFO ProcessInvokerWrapper]   File name: 'C:\Selenium\Demo\actions-runner\bin\Runner.Worker.exe'
[2025-08-24 15:43:14Z INFO ProcessInvokerWrapper]   Arguments: 'spawnclient 2340 2352'
[2025-08-24 15:43:14Z INFO ProcessInvokerWrapper]   Working directory: 'C:\Selenium\Demo\actions-runner\bin'
[2025-08-24 15:43:14Z INFO ProcessInvokerWrapper]   Require exit code zero: 'False'
[2025-08-24 15:43:14Z INFO ProcessInvokerWrapper]   Encoding web name:  ; code page: ''
[2025-08-24 15:43:14Z INFO ProcessInvokerWrapper]   Force kill process on cancellation: 'True'
[2025-08-24 15:43:14Z INFO ProcessInvokerWrapper]   Redirected STDIN: 'False'
[2025-08-24 15:43:14Z INFO ProcessInvokerWrapper]   Persist current code page: 'False'
[2025-08-24 15:43:14Z INFO ProcessInvokerWrapper]   Keep redirected STDIN open: 'False'
[2025-08-24 15:43:14Z INFO ProcessInvokerWrapper]   High priority process: 'True'
[2025-08-24 15:43:14Z INFO ProcessInvokerWrapper] Process started with process id 20604, waiting for process exit.
[2025-08-24 15:43:14Z INFO JobDispatcher] Send job request message to worker for job 7abc7f68-4cc7-5061-8d41-6ade6b1883d4.
[2025-08-24 15:43:14Z INFO ProcessChannel] Sending message of length 19180, with hash '1df6385419c07f2b06d4464a10492ede9695fbaa0dddfdcd9ee12a590dd489cc'
[2025-08-24 15:43:14Z INFO JobNotification] Entering JobStarted Notification
[2025-08-24 15:43:14Z INFO JobNotification] Entering StartMonitor
