[2025-08-24 15:26:54Z INFO HostContext] No proxy settings were found based on environmental variables (http_proxy/https_proxy/HTTP_PROXY/HTTPS_PROXY)
[2025-08-24 15:26:54Z INFO HostContext] Well known directory 'Bin': 'C:\Selenium\Demo\actions-runner\bin'
[2025-08-24 15:26:54Z INFO HostContext] Well known directory 'Root': 'C:\Selenium\Demo\actions-runner'
[2025-08-24 15:26:54Z INFO HostContext] Well known config file 'Credentials': 'C:\Selenium\Demo\actions-runner\.credentials'
[2025-08-24 15:26:54Z INFO HostContext] Well known directory 'Bin': 'C:\Selenium\Demo\actions-runner\bin'
[2025-08-24 15:26:54Z INFO HostContext] Well known directory 'Root': 'C:\Selenium\Demo\actions-runner'
[2025-08-24 15:26:54Z INFO HostContext] Well known config file 'Runner': 'C:\Selenium\Demo\actions-runner\.runner'
[2025-08-24 15:26:54Z INFO Listener] Runner is built for Windows (X64) - win-x64.
[2025-08-24 15:26:54Z INFO Listener] RuntimeInformation: Microsoft Windows 10.0.26100.
[2025-08-24 15:26:54Z INFO Listener] Version: 2.328.0
[2025-08-24 15:26:54Z INFO Listener] Commit: 6f9a9110adce65f44ca6f7c0ae142b9cc6af937b
[2025-08-24 15:26:54Z INFO Listener] Culture: en-US
[2025-08-24 15:26:54Z INFO Listener] UI Culture: en-US
[2025-08-24 15:26:54Z INFO HostContext] Well known directory 'Bin': 'C:\Selenium\Demo\actions-runner\bin'
[2025-08-24 15:26:54Z INFO HostContext] Well known directory 'Root': 'C:\Selenium\Demo\actions-runner'
[2025-08-24 15:26:54Z INFO Listener] Validating directory permissions for: 'C:\Selenium\Demo\actions-runner'
[2025-08-24 15:26:54Z INFO CommandLineParser] Parse
[2025-08-24 15:26:54Z INFO CommandLineParser] Parsing 1 args
[2025-08-24 15:26:54Z INFO CommandLineParser] parsing argument
[2025-08-24 15:26:54Z INFO CommandLineParser] HasArgs: False
[2025-08-24 15:26:54Z INFO CommandLineParser] Adding Command: run
[2025-08-24 15:26:54Z INFO Listener] Arguments parsed
[2025-08-24 15:26:54Z INFO Runner] ExecuteCommand
[2025-08-24 15:26:54Z INFO ConfigurationStore] currentAssemblyLocation: C:\Selenium\Demo\actions-runner\bin\Runner.Listener.dll
[2025-08-24 15:26:54Z INFO HostContext] Well known directory 'Bin': 'C:\Selenium\Demo\actions-runner\bin'
[2025-08-24 15:26:54Z INFO ConfigurationStore] binPath: C:\Selenium\Demo\actions-runner\bin
[2025-08-24 15:26:54Z INFO HostContext] Well known directory 'Bin': 'C:\Selenium\Demo\actions-runner\bin'
[2025-08-24 15:26:54Z INFO HostContext] Well known directory 'Root': 'C:\Selenium\Demo\actions-runner'
[2025-08-24 15:26:54Z INFO ConfigurationStore] RootFolder: C:\Selenium\Demo\actions-runner
[2025-08-24 15:26:54Z INFO HostContext] Well known directory 'Bin': 'C:\Selenium\Demo\actions-runner\bin'
[2025-08-24 15:26:54Z INFO HostContext] Well known directory 'Root': 'C:\Selenium\Demo\actions-runner'
[2025-08-24 15:26:54Z INFO HostContext] Well known config file 'Runner': 'C:\Selenium\Demo\actions-runner\.runner'
[2025-08-24 15:26:54Z INFO ConfigurationStore] ConfigFilePath: C:\Selenium\Demo\actions-runner\.runner
[2025-08-24 15:26:54Z INFO HostContext] Well known directory 'Bin': 'C:\Selenium\Demo\actions-runner\bin'
[2025-08-24 15:26:54Z INFO HostContext] Well known directory 'Root': 'C:\Selenium\Demo\actions-runner'
[2025-08-24 15:26:54Z INFO HostContext] Well known config file 'MigratedRunner': 'C:\Selenium\Demo\actions-runner\.runner_migrated'
[2025-08-24 15:26:54Z INFO ConfigurationStore] MigratedConfigFilePath: C:\Selenium\Demo\actions-runner\.runner_migrated
[2025-08-24 15:26:54Z INFO HostContext] Well known directory 'Bin': 'C:\Selenium\Demo\actions-runner\bin'
[2025-08-24 15:26:54Z INFO HostContext] Well known directory 'Root': 'C:\Selenium\Demo\actions-runner'
[2025-08-24 15:26:54Z INFO HostContext] Well known config file 'Credentials': 'C:\Selenium\Demo\actions-runner\.credentials'
[2025-08-24 15:26:54Z INFO ConfigurationStore] CredFilePath: C:\Selenium\Demo\actions-runner\.credentials
[2025-08-24 15:26:54Z INFO HostContext] Well known directory 'Bin': 'C:\Selenium\Demo\actions-runner\bin'
[2025-08-24 15:26:54Z INFO HostContext] Well known directory 'Root': 'C:\Selenium\Demo\actions-runner'
[2025-08-24 15:26:54Z INFO HostContext] Well known config file 'MigratedCredentials': 'C:\Selenium\Demo\actions-runner\.credentials_migrated'
[2025-08-24 15:26:54Z INFO ConfigurationStore] MigratedCredFilePath: C:\Selenium\Demo\actions-runner\.credentials_migrated
[2025-08-24 15:26:54Z INFO HostContext] Well known directory 'Bin': 'C:\Selenium\Demo\actions-runner\bin'
[2025-08-24 15:26:54Z INFO HostContext] Well known directory 'Root': 'C:\Selenium\Demo\actions-runner'
[2025-08-24 15:26:54Z INFO HostContext] Well known config file 'Service': 'C:\Selenium\Demo\actions-runner\.service'
[2025-08-24 15:26:54Z INFO ConfigurationStore] ServiceConfigFilePath: C:\Selenium\Demo\actions-runner\.service
[2025-08-24 15:26:54Z INFO CommandSettings] Flag 'help': 'False'
[2025-08-24 15:26:54Z INFO CommandSettings] Flag 'version': 'False'
[2025-08-24 15:26:54Z INFO CommandSettings] Flag 'commit': 'False'
[2025-08-24 15:26:54Z INFO CommandSettings] Flag 'check': 'False'
[2025-08-24 15:26:54Z INFO CommandSettings] Command 'configure': 'False'
[2025-08-24 15:26:54Z INFO CommandSettings] Command 'remove': 'False'
[2025-08-24 15:26:54Z INFO CommandSettings] Command 'warmup': 'False'
[2025-08-24 15:26:54Z INFO ConfigurationManager] LoadSettings
[2025-08-24 15:26:54Z INFO ConfigurationStore] IsConfigured()
[2025-08-24 15:26:54Z INFO ConfigurationStore] IsConfigured: True
[2025-08-24 15:26:54Z INFO ConfigurationManager] Is configured: True
[2025-08-24 15:26:54Z INFO ConfigurationStore] Read setting file: 388 chars
[2025-08-24 15:26:54Z INFO ConfigurationManager] Settings Loaded
[2025-08-24 15:26:54Z INFO ConfigurationStore] IsServiceConfigured()
[2025-08-24 15:26:54Z INFO ConfigurationStore] IsServiceConfigured: False
[2025-08-24 15:26:54Z INFO CommandSettings] Command 'run': 'True'
[2025-08-24 15:26:54Z INFO ConfigurationStore] IsConfigured()
[2025-08-24 15:26:54Z INFO ConfigurationStore] IsConfigured: True
[2025-08-24 15:26:54Z INFO ConfigurationManager] Is configured: True
[2025-08-24 15:26:54Z INFO Runner] Could not parse the argument value '' for StartupType. Defaulting to Manual
[2025-08-24 15:26:54Z INFO Runner] Set runner startup type - Manual
[2025-08-24 15:26:54Z INFO CommandSettings] Flag 'once': 'False'
[2025-08-24 15:26:54Z INFO CommandSettings] Flag 'once': 'False'
[2025-08-24 15:26:54Z INFO Runner] RunAsync
[2025-08-24 15:26:54Z INFO ConfigurationManager] LoadMigratedSettings
[2025-08-24 15:26:54Z INFO ConfigurationStore] IsMigratedConfigured()
[2025-08-24 15:26:54Z INFO ConfigurationStore] IsMigratedConfigured: False
[2025-08-24 15:26:54Z INFO Runner] Failed to load migrated settings: No migrated configuration found.
[2025-08-24 15:26:54Z INFO Runner] Falling back to original .runner settings
[2025-08-24 15:26:54Z INFO Runner] Using BrokerMessageListener
[2025-08-24 15:26:54Z INFO BrokerMessageListener] Using provided settings
[2025-08-24 15:26:54Z INFO BrokerMessageListener] {
  "AgentId": 21,
  "AgentName": "TARUN",
  "PoolId": 1,
  "PoolName": "Default",
  "ServerUrl": "https://pipelinesghubeus12.actions.githubusercontent.com/gnYMN5JC3KnHinSUQJGJhVQsKQcJPOPuzPC8ZW5W3sRIElWtGF/",
  "GitHubUrl": "https://github.com/tarun3834/Selenium",
  "WorkFolder": "_work",
  "UseV2Flow": true,
  "ServerUrlV2": "https://broker.actions.githubusercontent.com/"
}
[2025-08-24 15:26:54Z INFO BrokerMessageListener] Loading Credentials
[2025-08-24 15:26:54Z INFO ConfigurationStore] HasCredentials()
[2025-08-24 15:26:54Z INFO ConfigurationStore] stored True
[2025-08-24 15:26:54Z INFO CredentialManager] GetCredentialProvider
[2025-08-24 15:26:54Z INFO CredentialManager] Creating type OAuth
[2025-08-24 15:26:54Z INFO CredentialManager] Creating credential type: OAuth
[2025-08-24 15:26:54Z INFO HostContext] Well known directory 'Bin': 'C:\Selenium\Demo\actions-runner\bin'
[2025-08-24 15:26:54Z INFO HostContext] Well known directory 'Root': 'C:\Selenium\Demo\actions-runner'
[2025-08-24 15:26:54Z INFO HostContext] Well known config file 'RSACredentials': 'C:\Selenium\Demo\actions-runner\.credentials_rsaparams'
[2025-08-24 15:26:54Z INFO RSAEncryptedFileKeyManager] Loading RSA key parameters from file C:\Selenium\Demo\actions-runner\.credentials_rsaparams
[2025-08-24 15:26:54Z INFO BrokerMessageListener] Attempt to create session.
[2025-08-24 15:26:54Z INFO BrokerMessageListener] Connecting to the Broker Server...
[2025-08-24 15:26:54Z INFO ConfigurationStore] HasCredentials()
[2025-08-24 15:26:54Z INFO ConfigurationStore] stored True
[2025-08-24 15:26:54Z INFO CredentialManager] GetCredentialProvider
[2025-08-24 15:26:54Z INFO CredentialManager] Creating type OAuth
[2025-08-24 15:26:54Z INFO CredentialManager] Creating credential type: OAuth
[2025-08-24 15:26:54Z INFO RSAEncryptedFileKeyManager] Loading RSA key parameters from file C:\Selenium\Demo\actions-runner\.credentials_rsaparams
[2025-08-24 15:26:54Z INFO BrokerMessageListener] VssConnection created
[2025-08-24 15:26:54Z INFO BrokerMessageListener] Connecting to the Runner server...
[2025-08-24 15:26:54Z INFO RunnerServer] EstablishVssConnection
[2025-08-24 15:26:54Z INFO RunnerServer] Establish connection with 100 seconds timeout.
[2025-08-24 15:26:54Z INFO GitHubActionsService] Starting operation Location.GetConnectionData
[2025-08-24 15:26:54Z INFO RunnerServer] EstablishVssConnection
[2025-08-24 15:26:54Z INFO RunnerServer] Establish connection with 60 seconds timeout.
[2025-08-24 15:26:54Z INFO GitHubActionsService] Starting operation Location.GetConnectionData
[2025-08-24 15:26:54Z INFO RunnerServer] EstablishVssConnection
[2025-08-24 15:26:54Z INFO RunnerServer] Establish connection with 60 seconds timeout.
[2025-08-24 15:26:54Z INFO GitHubActionsService] Starting operation Location.GetConnectionData
[2025-08-24 15:26:55Z INFO GitHubActionsService] Finished operation Location.GetConnectionData
[2025-08-24 15:26:55Z INFO GitHubActionsService] Finished operation Location.GetConnectionData
[2025-08-24 15:26:55Z INFO GitHubActionsService] Finished operation Location.GetConnectionData
[2025-08-24 15:26:55Z INFO BrokerMessageListener] VssConnection created
[2025-08-24 15:26:55Z INFO Terminal] WRITE LINE: 
[2025-08-24 15:26:55Z INFO Terminal] WRITE LINE: 
[2025-08-24 15:26:55Z INFO RSAEncryptedFileKeyManager] Loading RSA key parameters from file C:\Selenium\Demo\actions-runner\.credentials_rsaparams
[2025-08-24 15:26:55Z INFO RSAEncryptedFileKeyManager] Loading RSA key parameters from file C:\Selenium\Demo\actions-runner\.credentials_rsaparams
[2025-08-24 15:26:56Z INFO GitHubActionsService] AAD Correlation ID for this token request: Unknown
[2025-08-24 15:26:57Z INFO BrokerMessageListener] Session created.
[2025-08-24 15:26:57Z INFO Terminal] WRITE LINE: Current runner version: '2.328.0'
[2025-08-24 15:26:57Z INFO Terminal] WRITE LINE: 2025-08-24 15:26:57Z: Listening for Jobs
[2025-08-24 15:26:57Z INFO JobDispatcher] Set runner/worker IPC timeout to 30 seconds.
[2025-08-24 15:26:57Z INFO ConfigurationStore] HasCredentials()
[2025-08-24 15:26:57Z INFO ConfigurationStore] stored True
[2025-08-24 15:26:57Z INFO CredentialManager] GetCredentialProvider
[2025-08-24 15:26:57Z INFO CredentialManager] Creating type OAuth
[2025-08-24 15:26:57Z INFO CredentialManager] Creating credential type: OAuth
[2025-08-24 15:26:57Z INFO RSAEncryptedFileKeyManager] Loading RSA key parameters from file C:\Selenium\Demo\actions-runner\.credentials_rsaparams
[2025-08-24 15:26:57Z INFO RSAEncryptedFileKeyManager] Loading RSA key parameters from file C:\Selenium\Demo\actions-runner\.credentials_rsaparams
[2025-08-24 15:26:57Z INFO RSAEncryptedFileKeyManager] Loading RSA key parameters from file C:\Selenium\Demo\actions-runner\.credentials_rsaparams
[2025-08-24 15:26:58Z INFO GitHubActionsService] AAD Correlation ID for this token request: Unknown
[2025-08-24 15:27:00Z INFO JobDispatcher] Job request 0 for plan a45084c2-aeef-4c93-86d7-cbc22f546251 job 297b96c8-7bec-50b1-a94e-1846497fc99f received.
[2025-08-24 15:27:00Z INFO JobDispatcher] Pull OrchestrationId a45084c2-aeef-4c93-86d7-cbc22f546251.selenium-test.__default from JWT claims
[2025-08-24 15:27:00Z INFO BrokerMessageListener] Received job status event. JobState: Busy
[2025-08-24 15:27:00Z INFO BrokerMessageListener] _getMessagesTokenSource is already disposed.
[2025-08-24 15:27:00Z INFO Terminal] WRITE LINE: 2025-08-24 15:27:00Z: Running job: selenium-test
[2025-08-24 15:27:00Z INFO JobDispatcher] Start renew job request 0 for job 297b96c8-7bec-50b1-a94e-1846497fc99f.
[2025-08-24 15:27:01Z INFO JobDispatcher] Successfully renew job 297b96c8-7bec-50b1-a94e-1846497fc99f, job is valid till 8/24/2025 3:37:00 PM
[2025-08-24 15:27:01Z INFO HostContext] Well known directory 'Bin': 'C:\Selenium\Demo\actions-runner\bin'
[2025-08-24 15:27:01Z INFO ProcessInvokerWrapper] Starting process:
[2025-08-24 15:27:01Z INFO ProcessInvokerWrapper]   File name: 'C:\Selenium\Demo\actions-runner\bin\Runner.Worker.exe'
[2025-08-24 15:27:01Z INFO ProcessInvokerWrapper]   Arguments: 'spawnclient 2328 2340'
[2025-08-24 15:27:01Z INFO ProcessInvokerWrapper]   Working directory: 'C:\Selenium\Demo\actions-runner\bin'
[2025-08-24 15:27:01Z INFO ProcessInvokerWrapper]   Require exit code zero: 'False'
[2025-08-24 15:27:01Z INFO ProcessInvokerWrapper]   Encoding web name:  ; code page: ''
[2025-08-24 15:27:01Z INFO ProcessInvokerWrapper]   Force kill process on cancellation: 'True'
[2025-08-24 15:27:01Z INFO ProcessInvokerWrapper]   Redirected STDIN: 'False'
[2025-08-24 15:27:01Z INFO ProcessInvokerWrapper]   Persist current code page: 'False'
[2025-08-24 15:27:01Z INFO ProcessInvokerWrapper]   Keep redirected STDIN open: 'False'
[2025-08-24 15:27:01Z INFO ProcessInvokerWrapper]   High priority process: 'True'
[2025-08-24 15:27:01Z INFO ProcessInvokerWrapper] Process started with process id 11852, waiting for process exit.
[2025-08-24 15:27:01Z INFO JobDispatcher] Send job request message to worker for job 297b96c8-7bec-50b1-a94e-1846497fc99f.
[2025-08-24 15:27:01Z INFO ProcessChannel] Sending message of length 18971, with hash '6e7683c5a2740d60cac41c9095da0756ce216599fd08a3d34c828e53d002068e'
[2025-08-24 15:27:01Z INFO JobNotification] Entering JobStarted Notification
[2025-08-24 15:27:01Z INFO JobNotification] Entering StartMonitor
[2025-08-24 15:27:29Z INFO ProcessInvokerWrapper] STDOUT/STDERR stream read finished.
[2025-08-24 15:27:29Z INFO ProcessInvokerWrapper] STDOUT/STDERR stream read finished.
[2025-08-24 15:27:29Z INFO ProcessInvokerWrapper] Finished process 11852 with exit code 102, and elapsed time 00:00:27.9051378.
[2025-08-24 15:27:29Z INFO JobDispatcher] Worker finished for job 297b96c8-7bec-50b1-a94e-1846497fc99f. Code: 102
[2025-08-24 15:27:29Z INFO JobDispatcher] finish job request for job 297b96c8-7bec-50b1-a94e-1846497fc99f with result: Failed
[2025-08-24 15:27:29Z INFO Terminal] WRITE LINE: 2025-08-24 15:27:29Z: Job selenium-test completed with result: Failed
[2025-08-24 15:27:29Z INFO JobDispatcher] Stop renew job request for job 297b96c8-7bec-50b1-a94e-1846497fc99f.
[2025-08-24 15:27:29Z INFO JobDispatcher] job renew has been cancelled, stop renew job 297b96c8-7bec-50b1-a94e-1846497fc99f.
[2025-08-24 15:27:29Z INFO JobNotification] Entering JobCompleted Notification
[2025-08-24 15:27:29Z INFO JobNotification] Entering EndMonitor
[2025-08-24 15:27:29Z INFO BrokerMessageListener] Received job status event. JobState: Online
[2025-08-24 15:27:29Z WARN GitHubActionsService] GET request to https://broker.actions.githubusercontent.com/message?sessionId=b32aabbd-d47d-4789-8273-7dc9db1394f4&status=Busy&runnerVersion=2.328.0&os=Windows&architecture=X64&disableUpdate=false has been cancelled.
[2025-08-24 15:27:29Z ERR  BrokerServer] Catch exception during request
[2025-08-24 15:27:29Z ERR  BrokerServer] System.Threading.Tasks.TaskCanceledException: The operation was canceled.
 ---> System.Threading.Tasks.TaskCanceledException: The operation was canceled.
 ---> System.IO.IOException: Unable to read data from the transport connection: The I/O operation has been aborted because of either a thread exit or an application request..
 ---> System.Net.Sockets.SocketException (995): The I/O operation has been aborted because of either a thread exit or an application request.
   --- End of inner exception stack trace ---
   at System.Net.Sockets.Socket.AwaitableSocketAsyncEventArgs.ThrowException(SocketError error, CancellationToken cancellationToken)
   at System.Net.Sockets.Socket.AwaitableSocketAsyncEventArgs.System.Threading.Tasks.Sources.IValueTaskSource<System.Int32>.GetResult(Int16 token)
   at System.Net.Security.SslStream.EnsureFullTlsFrameAsync[TIOAdapter](CancellationToken cancellationToken, Int32 estimatedSize)
   at System.Runtime.CompilerServices.PoolingAsyncValueTaskMethodBuilder`1.StateMachineBox`1.System.Threading.Tasks.Sources.IValueTaskSource<TResult>.GetResult(Int16 token)
   at System.Net.Security.SslStream.ReadAsyncInternal[TIOAdapter](Memory`1 buffer, CancellationToken cancellationToken)
   at System.Runtime.CompilerServices.PoolingAsyncValueTaskMethodBuilder`1.StateMachineBox`1.System.Threading.Tasks.Sources.IValueTaskSource<TResult>.GetResult(Int16 token)
   at System.Net.Http.HttpConnection.SendAsync(HttpRequestMessage request, Boolean async, CancellationToken cancellationToken)
   --- End of inner exception stack trace ---
   at System.Net.Http.HttpConnection.SendAsync(HttpRequestMessage request, Boolean async, CancellationToken cancellationToken)
   at System.Net.Http.AuthenticationHelper.SendWithNtAuthAsync(HttpRequestMessage request, Uri authUri, Boolean async, ICredentials credentials, Boolean isProxyAuth, HttpConnection connection, HttpConnectionPool connectionPool, CancellationToken cancellationToken)
   at System.Net.Http.HttpConnectionPool.SendWithVersionDetectionAndRetryAsync(HttpRequestMessage request, Boolean async, Boolean doRequestAuth, CancellationToken cancellationToken)
   at System.Net.Http.AuthenticationHelper.SendWithAuthAsync(HttpRequestMessage request, Uri authUri, Boolean async, ICredentials credentials, Boolean preAuthenticate, Boolean isProxyAuth, Boolean doRequestAuth, HttpConnectionPool pool, CancellationToken cancellationToken)
   at System.Net.Http.RedirectHandler.SendAsync(HttpRequestMessage request, Boolean async, CancellationToken cancellationToken)
   at GitHub.Services.Common.RawHttpMessageHandler.SendAsync(HttpRequestMessage request, CancellationToken cancellationToken)
   at GitHub.Services.Common.VssHttpRetryMessageHandler.SendAsync(HttpRequestMessage request, CancellationToken cancellationToken)
   at System.Net.Http.HttpClient.<SendAsync>g__Core|83_0(HttpRequestMessage request, HttpCompletionOption completionOption, CancellationTokenSource cts, Boolean disposeCts, CancellationTokenSource pendingRequestsCts, CancellationToken originalCancellationToken)
   --- End of inner exception stack trace ---
   at System.Net.Http.HttpClient.HandleFailure(Exception e, Boolean telemetryStarted, HttpResponseMessage response, CancellationTokenSource cts, CancellationToken cancellationToken, CancellationTokenSource pendingRequestsCts)
   at System.Net.Http.HttpClient.<SendAsync>g__Core|83_0(HttpRequestMessage request, HttpCompletionOption completionOption, CancellationTokenSource cts, Boolean disposeCts, CancellationTokenSource pendingRequestsCts, CancellationToken originalCancellationToken)
   at Sdk.WebApi.WebApi.RawHttpClientBase.SendAsync(HttpRequestMessage message, HttpCompletionOption completionOption, Object userState, CancellationToken cancellationToken)
   at Sdk.WebApi.WebApi.RawHttpClientBase.SendAsync[T](HttpRequestMessage message, Boolean readErrorBody, Object userState, CancellationToken cancellationToken)
   at Sdk.WebApi.WebApi.RawHttpClientBase.SendAsync[T](HttpMethod method, IEnumerable`1 additionalHeaders, Uri requestUri, HttpContent content, IEnumerable`1 queryParameters, Boolean readErrorBody, Object userState, CancellationToken cancellationToken)
   at GitHub.Actions.RunService.WebApi.BrokerHttpClient.GetRunnerMessageAsync(Nullable`1 sessionId, String runnerVersion, Nullable`1 status, String os, String architecture, Nullable`1 disableUpdate, CancellationToken cancellationToken)
   at GitHub.Runner.Common.BrokerServer.<>c__DisplayClass7_0.<<GetRunnerMessageAsync>b__0>d.MoveNext()
--- End of stack trace from previous location ---
   at GitHub.Runner.Common.RunnerService.RetryRequest[T](Func`1 func, CancellationToken cancellationToken, Int32 maxRetryAttemptsCount, Func`2 shouldRetry)
[2025-08-24 15:27:29Z ERR  BrokerServer] #####################################################
[2025-08-24 15:27:29Z ERR  BrokerServer] System.Threading.Tasks.TaskCanceledException: The operation was canceled.
 ---> System.IO.IOException: Unable to read data from the transport connection: The I/O operation has been aborted because of either a thread exit or an application request..
 ---> System.Net.Sockets.SocketException (995): The I/O operation has been aborted because of either a thread exit or an application request.
   --- End of inner exception stack trace ---
   at System.Net.Sockets.Socket.AwaitableSocketAsyncEventArgs.ThrowException(SocketError error, CancellationToken cancellationToken)
   at System.Net.Sockets.Socket.AwaitableSocketAsyncEventArgs.System.Threading.Tasks.Sources.IValueTaskSource<System.Int32>.GetResult(Int16 token)
   at System.Net.Security.SslStream.EnsureFullTlsFrameAsync[TIOAdapter](CancellationToken cancellationToken, Int32 estimatedSize)
   at System.Runtime.CompilerServices.PoolingAsyncValueTaskMethodBuilder`1.StateMachineBox`1.System.Threading.Tasks.Sources.IValueTaskSource<TResult>.GetResult(Int16 token)
   at System.Net.Security.SslStream.ReadAsyncInternal[TIOAdapter](Memory`1 buffer, CancellationToken cancellationToken)
   at System.Runtime.CompilerServices.PoolingAsyncValueTaskMethodBuilder`1.StateMachineBox`1.System.Threading.Tasks.Sources.IValueTaskSource<TResult>.GetResult(Int16 token)
   at System.Net.Http.HttpConnection.SendAsync(HttpRequestMessage request, Boolean async, CancellationToken cancellationToken)
   --- End of inner exception stack trace ---
   at System.Net.Http.HttpConnection.SendAsync(HttpRequestMessage request, Boolean async, CancellationToken cancellationToken)
   at System.Net.Http.AuthenticationHelper.SendWithNtAuthAsync(HttpRequestMessage request, Uri authUri, Boolean async, ICredentials credentials, Boolean isProxyAuth, HttpConnection connection, HttpConnectionPool connectionPool, CancellationToken cancellationToken)
   at System.Net.Http.HttpConnectionPool.SendWithVersionDetectionAndRetryAsync(HttpRequestMessage request, Boolean async, Boolean doRequestAuth, CancellationToken cancellationToken)
   at System.Net.Http.AuthenticationHelper.SendWithAuthAsync(HttpRequestMessage request, Uri authUri, Boolean async, ICredentials credentials, Boolean preAuthenticate, Boolean isProxyAuth, Boolean doRequestAuth, HttpConnectionPool pool, CancellationToken cancellationToken)
   at System.Net.Http.RedirectHandler.SendAsync(HttpRequestMessage request, Boolean async, CancellationToken cancellationToken)
   at GitHub.Services.Common.RawHttpMessageHandler.SendAsync(HttpRequestMessage request, CancellationToken cancellationToken)
   at GitHub.Services.Common.VssHttpRetryMessageHandler.SendAsync(HttpRequestMessage request, CancellationToken cancellationToken)
   at System.Net.Http.HttpClient.<SendAsync>g__Core|83_0(HttpRequestMessage request, HttpCompletionOption completionOption, CancellationTokenSource cts, Boolean disposeCts, CancellationTokenSource pendingRequestsCts, CancellationToken originalCancellationToken)
[2025-08-24 15:27:29Z ERR  BrokerServer] #####################################################
[2025-08-24 15:27:29Z ERR  BrokerServer] System.IO.IOException: Unable to read data from the transport connection: The I/O operation has been aborted because of either a thread exit or an application request..
 ---> System.Net.Sockets.SocketException (995): The I/O operation has been aborted because of either a thread exit or an application request.
   --- End of inner exception stack trace ---
   at System.Net.Sockets.Socket.AwaitableSocketAsyncEventArgs.ThrowException(SocketError error, CancellationToken cancellationToken)
   at System.Net.Sockets.Socket.AwaitableSocketAsyncEventArgs.System.Threading.Tasks.Sources.IValueTaskSource<System.Int32>.GetResult(Int16 token)
   at System.Net.Security.SslStream.EnsureFullTlsFrameAsync[TIOAdapter](CancellationToken cancellationToken, Int32 estimatedSize)
   at System.Runtime.CompilerServices.PoolingAsyncValueTaskMethodBuilder`1.StateMachineBox`1.System.Threading.Tasks.Sources.IValueTaskSource<TResult>.GetResult(Int16 token)
   at System.Net.Security.SslStream.ReadAsyncInternal[TIOAdapter](Memory`1 buffer, CancellationToken cancellationToken)
   at System.Runtime.CompilerServices.PoolingAsyncValueTaskMethodBuilder`1.StateMachineBox`1.System.Threading.Tasks.Sources.IValueTaskSource<TResult>.GetResult(Int16 token)
   at System.Net.Http.HttpConnection.SendAsync(HttpRequestMessage request, Boolean async, CancellationToken cancellationToken)
[2025-08-24 15:27:29Z ERR  BrokerServer] #####################################################
[2025-08-24 15:27:29Z ERR  BrokerServer] System.Net.Sockets.SocketException (995): The I/O operation has been aborted because of either a thread exit or an application request.
[2025-08-24 15:27:29Z WARN BrokerServer] Back off 13.321 seconds before next retry. 4 attempt left.
[2025-08-24 15:27:29Z INFO BrokerMessageListener] Get messages has been cancelled using local token source. Continue to get messages with new status.
[2025-08-24 15:29:28Z INFO ConfigurationStore] HasCredentials()
[2025-08-24 15:29:28Z INFO ConfigurationStore] stored True
[2025-08-24 15:29:28Z INFO CredentialManager] GetCredentialProvider
[2025-08-24 15:29:28Z INFO CredentialManager] Creating type OAuth
[2025-08-24 15:29:28Z INFO CredentialManager] Creating credential type: OAuth
[2025-08-24 15:29:28Z INFO RSAEncryptedFileKeyManager] Loading RSA key parameters from file C:\Selenium\Demo\actions-runner\.credentials_rsaparams
[2025-08-24 15:29:28Z INFO RSAEncryptedFileKeyManager] Loading RSA key parameters from file C:\Selenium\Demo\actions-runner\.credentials_rsaparams
[2025-08-24 15:29:28Z INFO RSAEncryptedFileKeyManager] Loading RSA key parameters from file C:\Selenium\Demo\actions-runner\.credentials_rsaparams
[2025-08-24 15:29:29Z INFO GitHubActionsService] AAD Correlation ID for this token request: Unknown
[2025-08-24 15:29:30Z INFO JobDispatcher] Job request 0 for plan ed1cc655-c3af-4171-ac85-ffb9b930034d job 8934a958-0024-5c1f-9e6b-60ba67ccb2b4 received.
[2025-08-24 15:29:30Z INFO JobDispatcher] Pull OrchestrationId ed1cc655-c3af-4171-ac85-ffb9b930034d.selenium-test.__default from JWT claims
[2025-08-24 15:29:30Z INFO BrokerMessageListener] Received job status event. JobState: Busy
[2025-08-24 15:29:30Z INFO BrokerMessageListener] _getMessagesTokenSource is already disposed.
[2025-08-24 15:29:30Z INFO JobDispatcher] Job request 297b96c8-7bec-50b1-a94e-1846497fc99f processed succeed.
[2025-08-24 15:29:30Z INFO Terminal] WRITE LINE: 2025-08-24 15:29:30Z: Running job: selenium-test
[2025-08-24 15:29:30Z INFO JobDispatcher] Start renew job request 0 for job 8934a958-0024-5c1f-9e6b-60ba67ccb2b4.
[2025-08-24 15:29:31Z INFO JobDispatcher] Successfully renew job 8934a958-0024-5c1f-9e6b-60ba67ccb2b4, job is valid till 8/24/2025 3:39:30 PM
[2025-08-24 15:29:31Z INFO HostContext] Well known directory 'Bin': 'C:\Selenium\Demo\actions-runner\bin'
[2025-08-24 15:29:31Z INFO ProcessInvokerWrapper] Starting process:
[2025-08-24 15:29:31Z INFO ProcessInvokerWrapper]   File name: 'C:\Selenium\Demo\actions-runner\bin\Runner.Worker.exe'
[2025-08-24 15:29:31Z INFO ProcessInvokerWrapper]   Arguments: 'spawnclient 2156 1752'
[2025-08-24 15:29:31Z INFO ProcessInvokerWrapper]   Working directory: 'C:\Selenium\Demo\actions-runner\bin'
[2025-08-24 15:29:31Z INFO ProcessInvokerWrapper]   Require exit code zero: 'False'
[2025-08-24 15:29:31Z INFO ProcessInvokerWrapper]   Encoding web name:  ; code page: ''
[2025-08-24 15:29:31Z INFO ProcessInvokerWrapper]   Force kill process on cancellation: 'True'
[2025-08-24 15:29:31Z INFO ProcessInvokerWrapper]   Redirected STDIN: 'False'
[2025-08-24 15:29:31Z INFO ProcessInvokerWrapper]   Persist current code page: 'False'
[2025-08-24 15:29:31Z INFO ProcessInvokerWrapper]   Keep redirected STDIN open: 'False'
[2025-08-24 15:29:31Z INFO ProcessInvokerWrapper]   High priority process: 'True'
[2025-08-24 15:29:31Z INFO ProcessInvokerWrapper] Process started with process id 22092, waiting for process exit.
[2025-08-24 15:29:31Z INFO JobDispatcher] Send job request message to worker for job 8934a958-0024-5c1f-9e6b-60ba67ccb2b4.
[2025-08-24 15:29:31Z INFO ProcessChannel] Sending message of length 19192, with hash 'dff64782069492766b052c17e0a095e766e3ac3b7d22fac5943ecde6b1ed704f'
[2025-08-24 15:29:31Z INFO JobNotification] Entering JobStarted Notification
[2025-08-24 15:29:31Z INFO JobNotification] Entering StartMonitor
[2025-08-24 15:29:52Z INFO ProcessInvokerWrapper] STDOUT/STDERR stream read finished.
[2025-08-24 15:29:52Z INFO ProcessInvokerWrapper] STDOUT/STDERR stream read finished.
[2025-08-24 15:29:52Z INFO ProcessInvokerWrapper] Finished process 22092 with exit code 100, and elapsed time 00:00:21.4459452.
[2025-08-24 15:29:52Z INFO JobDispatcher] Worker finished for job 8934a958-0024-5c1f-9e6b-60ba67ccb2b4. Code: 100
[2025-08-24 15:29:52Z INFO JobDispatcher] finish job request for job 8934a958-0024-5c1f-9e6b-60ba67ccb2b4 with result: Succeeded
[2025-08-24 15:29:52Z INFO Terminal] WRITE LINE: 2025-08-24 15:29:52Z: Job selenium-test completed with result: Succeeded
[2025-08-24 15:29:52Z INFO JobDispatcher] Stop renew job request for job 8934a958-0024-5c1f-9e6b-60ba67ccb2b4.
[2025-08-24 15:29:52Z INFO JobDispatcher] job renew has been cancelled, stop renew job 8934a958-0024-5c1f-9e6b-60ba67ccb2b4.
[2025-08-24 15:29:52Z INFO JobNotification] Entering JobCompleted Notification
[2025-08-24 15:29:52Z INFO JobNotification] Entering EndMonitor
[2025-08-24 15:29:52Z INFO BrokerMessageListener] Received job status event. JobState: Online
[2025-08-24 15:29:52Z WARN GitHubActionsService] GET request to https://broker.actions.githubusercontent.com/message?sessionId=b32aabbd-d47d-4789-8273-7dc9db1394f4&status=Busy&runnerVersion=2.328.0&os=Windows&architecture=X64&disableUpdate=false has been cancelled.
[2025-08-24 15:29:52Z ERR  BrokerServer] Catch exception during request
[2025-08-24 15:29:52Z ERR  BrokerServer] System.Threading.Tasks.TaskCanceledException: The operation was canceled.
 ---> System.Threading.Tasks.TaskCanceledException: The operation was canceled.
 ---> System.IO.IOException: Unable to read data from the transport connection: The I/O operation has been aborted because of either a thread exit or an application request..
 ---> System.Net.Sockets.SocketException (995): The I/O operation has been aborted because of either a thread exit or an application request.
   --- End of inner exception stack trace ---
   at System.Net.Sockets.Socket.AwaitableSocketAsyncEventArgs.ThrowException(SocketError error, CancellationToken cancellationToken)
   at System.Net.Sockets.Socket.AwaitableSocketAsyncEventArgs.System.Threading.Tasks.Sources.IValueTaskSource<System.Int32>.GetResult(Int16 token)
   at System.Net.Security.SslStream.EnsureFullTlsFrameAsync[TIOAdapter](CancellationToken cancellationToken, Int32 estimatedSize)
   at System.Runtime.CompilerServices.PoolingAsyncValueTaskMethodBuilder`1.StateMachineBox`1.System.Threading.Tasks.Sources.IValueTaskSource<TResult>.GetResult(Int16 token)
   at System.Net.Security.SslStream.ReadAsyncInternal[TIOAdapter](Memory`1 buffer, CancellationToken cancellationToken)
   at System.Runtime.CompilerServices.PoolingAsyncValueTaskMethodBuilder`1.StateMachineBox`1.System.Threading.Tasks.Sources.IValueTaskSource<TResult>.GetResult(Int16 token)
   at System.Net.Http.HttpConnection.SendAsync(HttpRequestMessage request, Boolean async, CancellationToken cancellationToken)
   --- End of inner exception stack trace ---
   at System.Net.Http.HttpConnection.SendAsync(HttpRequestMessage request, Boolean async, CancellationToken cancellationToken)
   at System.Net.Http.AuthenticationHelper.SendWithNtAuthAsync(HttpRequestMessage request, Uri authUri, Boolean async, ICredentials credentials, Boolean isProxyAuth, HttpConnection connection, HttpConnectionPool connectionPool, CancellationToken cancellationToken)
   at System.Net.Http.HttpConnectionPool.SendWithVersionDetectionAndRetryAsync(HttpRequestMessage request, Boolean async, Boolean doRequestAuth, CancellationToken cancellationToken)
   at System.Net.Http.AuthenticationHelper.SendWithAuthAsync(HttpRequestMessage request, Uri authUri, Boolean async, ICredentials credentials, Boolean preAuthenticate, Boolean isProxyAuth, Boolean doRequestAuth, HttpConnectionPool pool, CancellationToken cancellationToken)
   at System.Net.Http.RedirectHandler.SendAsync(HttpRequestMessage request, Boolean async, CancellationToken cancellationToken)
   at GitHub.Services.Common.RawHttpMessageHandler.SendAsync(HttpRequestMessage request, CancellationToken cancellationToken)
   at GitHub.Services.Common.VssHttpRetryMessageHandler.SendAsync(HttpRequestMessage request, CancellationToken cancellationToken)
   at System.Net.Http.HttpClient.<SendAsync>g__Core|83_0(HttpRequestMessage request, HttpCompletionOption completionOption, CancellationTokenSource cts, Boolean disposeCts, CancellationTokenSource pendingRequestsCts, CancellationToken originalCancellationToken)
   --- End of inner exception stack trace ---
   at System.Net.Http.HttpClient.HandleFailure(Exception e, Boolean telemetryStarted, HttpResponseMessage response, CancellationTokenSource cts, CancellationToken cancellationToken, CancellationTokenSource pendingRequestsCts)
   at System.Net.Http.HttpClient.<SendAsync>g__Core|83_0(HttpRequestMessage request, HttpCompletionOption completionOption, CancellationTokenSource cts, Boolean disposeCts, CancellationTokenSource pendingRequestsCts, CancellationToken originalCancellationToken)
   at Sdk.WebApi.WebApi.RawHttpClientBase.SendAsync(HttpRequestMessage message, HttpCompletionOption completionOption, Object userState, CancellationToken cancellationToken)
   at Sdk.WebApi.WebApi.RawHttpClientBase.SendAsync[T](HttpRequestMessage message, Boolean readErrorBody, Object userState, CancellationToken cancellationToken)
   at Sdk.WebApi.WebApi.RawHttpClientBase.SendAsync[T](HttpMethod method, IEnumerable`1 additionalHeaders, Uri requestUri, HttpContent content, IEnumerable`1 queryParameters, Boolean readErrorBody, Object userState, CancellationToken cancellationToken)
   at GitHub.Actions.RunService.WebApi.BrokerHttpClient.GetRunnerMessageAsync(Nullable`1 sessionId, String runnerVersion, Nullable`1 status, String os, String architecture, Nullable`1 disableUpdate, CancellationToken cancellationToken)
   at GitHub.Runner.Common.BrokerServer.<>c__DisplayClass7_0.<<GetRunnerMessageAsync>b__0>d.MoveNext()
--- End of stack trace from previous location ---
   at GitHub.Runner.Common.RunnerService.RetryRequest[T](Func`1 func, CancellationToken cancellationToken, Int32 maxRetryAttemptsCount, Func`2 shouldRetry)
[2025-08-24 15:29:52Z ERR  BrokerServer] #####################################################
[2025-08-24 15:29:52Z ERR  BrokerServer] System.Threading.Tasks.TaskCanceledException: The operation was canceled.
 ---> System.IO.IOException: Unable to read data from the transport connection: The I/O operation has been aborted because of either a thread exit or an application request..
 ---> System.Net.Sockets.SocketException (995): The I/O operation has been aborted because of either a thread exit or an application request.
   --- End of inner exception stack trace ---
   at System.Net.Sockets.Socket.AwaitableSocketAsyncEventArgs.ThrowException(SocketError error, CancellationToken cancellationToken)
   at System.Net.Sockets.Socket.AwaitableSocketAsyncEventArgs.System.Threading.Tasks.Sources.IValueTaskSource<System.Int32>.GetResult(Int16 token)
   at System.Net.Security.SslStream.EnsureFullTlsFrameAsync[TIOAdapter](CancellationToken cancellationToken, Int32 estimatedSize)
   at System.Runtime.CompilerServices.PoolingAsyncValueTaskMethodBuilder`1.StateMachineBox`1.System.Threading.Tasks.Sources.IValueTaskSource<TResult>.GetResult(Int16 token)
   at System.Net.Security.SslStream.ReadAsyncInternal[TIOAdapter](Memory`1 buffer, CancellationToken cancellationToken)
   at System.Runtime.CompilerServices.PoolingAsyncValueTaskMethodBuilder`1.StateMachineBox`1.System.Threading.Tasks.Sources.IValueTaskSource<TResult>.GetResult(Int16 token)
   at System.Net.Http.HttpConnection.SendAsync(HttpRequestMessage request, Boolean async, CancellationToken cancellationToken)
   --- End of inner exception stack trace ---
   at System.Net.Http.HttpConnection.SendAsync(HttpRequestMessage request, Boolean async, CancellationToken cancellationToken)
   at System.Net.Http.AuthenticationHelper.SendWithNtAuthAsync(HttpRequestMessage request, Uri authUri, Boolean async, ICredentials credentials, Boolean isProxyAuth, HttpConnection connection, HttpConnectionPool connectionPool, CancellationToken cancellationToken)
   at System.Net.Http.HttpConnectionPool.SendWithVersionDetectionAndRetryAsync(HttpRequestMessage request, Boolean async, Boolean doRequestAuth, CancellationToken cancellationToken)
   at System.Net.Http.AuthenticationHelper.SendWithAuthAsync(HttpRequestMessage request, Uri authUri, Boolean async, ICredentials credentials, Boolean preAuthenticate, Boolean isProxyAuth, Boolean doRequestAuth, HttpConnectionPool pool, CancellationToken cancellationToken)
   at System.Net.Http.RedirectHandler.SendAsync(HttpRequestMessage request, Boolean async, CancellationToken cancellationToken)
   at GitHub.Services.Common.RawHttpMessageHandler.SendAsync(HttpRequestMessage request, CancellationToken cancellationToken)
   at GitHub.Services.Common.VssHttpRetryMessageHandler.SendAsync(HttpRequestMessage request, CancellationToken cancellationToken)
   at System.Net.Http.HttpClient.<SendAsync>g__Core|83_0(HttpRequestMessage request, HttpCompletionOption completionOption, CancellationTokenSource cts, Boolean disposeCts, CancellationTokenSource pendingRequestsCts, CancellationToken originalCancellationToken)
[2025-08-24 15:29:52Z ERR  BrokerServer] #####################################################
[2025-08-24 15:29:52Z ERR  BrokerServer] System.IO.IOException: Unable to read data from the transport connection: The I/O operation has been aborted because of either a thread exit or an application request..
 ---> System.Net.Sockets.SocketException (995): The I/O operation has been aborted because of either a thread exit or an application request.
   --- End of inner exception stack trace ---
   at System.Net.Sockets.Socket.AwaitableSocketAsyncEventArgs.ThrowException(SocketError error, CancellationToken cancellationToken)
   at System.Net.Sockets.Socket.AwaitableSocketAsyncEventArgs.System.Threading.Tasks.Sources.IValueTaskSource<System.Int32>.GetResult(Int16 token)
   at System.Net.Security.SslStream.EnsureFullTlsFrameAsync[TIOAdapter](CancellationToken cancellationToken, Int32 estimatedSize)
   at System.Runtime.CompilerServices.PoolingAsyncValueTaskMethodBuilder`1.StateMachineBox`1.System.Threading.Tasks.Sources.IValueTaskSource<TResult>.GetResult(Int16 token)
   at System.Net.Security.SslStream.ReadAsyncInternal[TIOAdapter](Memory`1 buffer, CancellationToken cancellationToken)
   at System.Runtime.CompilerServices.PoolingAsyncValueTaskMethodBuilder`1.StateMachineBox`1.System.Threading.Tasks.Sources.IValueTaskSource<TResult>.GetResult(Int16 token)
   at System.Net.Http.HttpConnection.SendAsync(HttpRequestMessage request, Boolean async, CancellationToken cancellationToken)
[2025-08-24 15:29:52Z ERR  BrokerServer] #####################################################
[2025-08-24 15:29:52Z ERR  BrokerServer] System.Net.Sockets.SocketException (995): The I/O operation has been aborted because of either a thread exit or an application request.
[2025-08-24 15:29:52Z WARN BrokerServer] Back off 10.801 seconds before next retry. 4 attempt left.
[2025-08-24 15:29:52Z INFO BrokerMessageListener] Get messages has been cancelled using local token source. Continue to get messages with new status.
[2025-08-24 15:36:15Z INFO HostContext] Runner will be shutdown for UserCancelled
[2025-08-24 15:36:15Z WARN GitHubActionsService] GET request to https://broker.actions.githubusercontent.com/message?sessionId=b32aabbd-d47d-4789-8273-7dc9db1394f4&status=Online&runnerVersion=2.328.0&os=Windows&architecture=X64&disableUpdate=false has been cancelled.
[2025-08-24 15:36:15Z ERR  BrokerServer] Catch exception during request
[2025-08-24 15:36:15Z ERR  BrokerServer] System.Threading.Tasks.TaskCanceledException: The operation was canceled.
 ---> System.Threading.Tasks.TaskCanceledException: The operation was canceled.
 ---> System.IO.IOException: Unable to read data from the transport connection: The I/O operation has been aborted because of either a thread exit or an application request..
 ---> System.Net.Sockets.SocketException (995): The I/O operation has been aborted because of either a thread exit or an application request.
   --- End of inner exception stack trace ---
   at System.Net.Sockets.Socket.AwaitableSocketAsyncEventArgs.System.Threading.Tasks.Sources.IValueTaskSource<System.Int32>.GetResult(Int16 token)
   at System.Net.Security.SslStream.EnsureFullTlsFrameAsync[TIOAdapter](CancellationToken cancellationToken, Int32 estimatedSize)
   at System.Runtime.CompilerServices.PoolingAsyncValueTaskMethodBuilder`1.StateMachineBox`1.System.Threading.Tasks.Sources.IValueTaskSource<TResult>.GetResult(Int16 token)
   at System.Net.Security.SslStream.ReadAsyncInternal[TIOAdapter](Memory`1 buffer, CancellationToken cancellationToken)
   at System.Runtime.CompilerServices.PoolingAsyncValueTaskMethodBuilder`1.StateMachineBox`1.System.Threading.Tasks.Sources.IValueTaskSource<TResult>.GetResult(Int16 token)
   at System.Net.Http.HttpConnection.SendAsync(HttpRequestMessage request, Boolean async, CancellationToken cancellationToken)
   --- End of inner exception stack trace ---
   at System.Net.Http.HttpConnection.SendAsync(HttpRequestMessage request, Boolean async, CancellationToken cancellationToken)
   at System.Net.Http.AuthenticationHelper.SendWithNtAuthAsync(HttpRequestMessage request, Uri authUri, Boolean async, ICredentials credentials, Boolean isProxyAuth, HttpConnection connection, HttpConnectionPool connectionPool, CancellationToken cancellationToken)
   at System.Net.Http.HttpConnectionPool.SendWithVersionDetectionAndRetryAsync(HttpRequestMessage request, Boolean async, Boolean doRequestAuth, CancellationToken cancellationToken)
   at System.Net.Http.AuthenticationHelper.SendWithAuthAsync(HttpRequestMessage request, Uri authUri, Boolean async, ICredentials credentials, Boolean preAuthenticate, Boolean isProxyAuth, Boolean doRequestAuth, HttpConnectionPool pool, CancellationToken cancellationToken)
   at System.Net.Http.RedirectHandler.SendAsync(HttpRequestMessage request, Boolean async, CancellationToken cancellationToken)
   at GitHub.Services.Common.RawHttpMessageHandler.SendAsync(HttpRequestMessage request, CancellationToken cancellationToken)
   at GitHub.Services.Common.VssHttpRetryMessageHandler.SendAsync(HttpRequestMessage request, CancellationToken cancellationToken)
   at System.Net.Http.HttpClient.<SendAsync>g__Core|83_0(HttpRequestMessage request, HttpCompletionOption completionOption, CancellationTokenSource cts, Boolean disposeCts, CancellationTokenSource pendingRequestsCts, CancellationToken originalCancellationToken)
   --- End of inner exception stack trace ---
   at System.Net.Http.HttpClient.HandleFailure(Exception e, Boolean telemetryStarted, HttpResponseMessage response, CancellationTokenSource cts, CancellationToken cancellationToken, CancellationTokenSource pendingRequestsCts)
   at System.Net.Http.HttpClient.<SendAsync>g__Core|83_0(HttpRequestMessage request, HttpCompletionOption completionOption, CancellationTokenSource cts, Boolean disposeCts, CancellationTokenSource pendingRequestsCts, CancellationToken originalCancellationToken)
   at Sdk.WebApi.WebApi.RawHttpClientBase.SendAsync(HttpRequestMessage message, HttpCompletionOption completionOption, Object userState, CancellationToken cancellationToken)
   at Sdk.WebApi.WebApi.RawHttpClientBase.SendAsync[T](HttpRequestMessage message, Boolean readErrorBody, Object userState, CancellationToken cancellationToken)
   at Sdk.WebApi.WebApi.RawHttpClientBase.SendAsync[T](HttpMethod method, IEnumerable`1 additionalHeaders, Uri requestUri, HttpContent content, IEnumerable`1 queryParameters, Boolean readErrorBody, Object userState, CancellationToken cancellationToken)
   at GitHub.Actions.RunService.WebApi.BrokerHttpClient.GetRunnerMessageAsync(Nullable`1 sessionId, String runnerVersion, Nullable`1 status, String os, String architecture, Nullable`1 disableUpdate, CancellationToken cancellationToken)
   at GitHub.Runner.Common.BrokerServer.<>c__DisplayClass7_0.<<GetRunnerMessageAsync>b__0>d.MoveNext()
--- End of stack trace from previous location ---
   at GitHub.Runner.Common.RunnerService.RetryRequest[T](Func`1 func, CancellationToken cancellationToken, Int32 maxRetryAttemptsCount, Func`2 shouldRetry)
[2025-08-24 15:36:15Z ERR  BrokerServer] #####################################################
[2025-08-24 15:36:15Z ERR  BrokerServer] System.Threading.Tasks.TaskCanceledException: The operation was canceled.
 ---> System.IO.IOException: Unable to read data from the transport connection: The I/O operation has been aborted because of either a thread exit or an application request..
 ---> System.Net.Sockets.SocketException (995): The I/O operation has been aborted because of either a thread exit or an application request.
   --- End of inner exception stack trace ---
   at System.Net.Sockets.Socket.AwaitableSocketAsyncEventArgs.System.Threading.Tasks.Sources.IValueTaskSource<System.Int32>.GetResult(Int16 token)
   at System.Net.Security.SslStream.EnsureFullTlsFrameAsync[TIOAdapter](CancellationToken cancellationToken, Int32 estimatedSize)
   at System.Runtime.CompilerServices.PoolingAsyncValueTaskMethodBuilder`1.StateMachineBox`1.System.Threading.Tasks.Sources.IValueTaskSource<TResult>.GetResult(Int16 token)
   at System.Net.Security.SslStream.ReadAsyncInternal[TIOAdapter](Memory`1 buffer, CancellationToken cancellationToken)
   at System.Runtime.CompilerServices.PoolingAsyncValueTaskMethodBuilder`1.StateMachineBox`1.System.Threading.Tasks.Sources.IValueTaskSource<TResult>.GetResult(Int16 token)
   at System.Net.Http.HttpConnection.SendAsync(HttpRequestMessage request, Boolean async, CancellationToken cancellationToken)
   --- End of inner exception stack trace ---
   at System.Net.Http.HttpConnection.SendAsync(HttpRequestMessage request, Boolean async, CancellationToken cancellationToken)
   at System.Net.Http.AuthenticationHelper.SendWithNtAuthAsync(HttpRequestMessage request, Uri authUri, Boolean async, ICredentials credentials, Boolean isProxyAuth, HttpConnection connection, HttpConnectionPool connectionPool, CancellationToken cancellationToken)
   at System.Net.Http.HttpConnectionPool.SendWithVersionDetectionAndRetryAsync(HttpRequestMessage request, Boolean async, Boolean doRequestAuth, CancellationToken cancellationToken)
   at System.Net.Http.AuthenticationHelper.SendWithAuthAsync(HttpRequestMessage request, Uri authUri, Boolean async, ICredentials credentials, Boolean preAuthenticate, Boolean isProxyAuth, Boolean doRequestAuth, HttpConnectionPool pool, CancellationToken cancellationToken)
   at System.Net.Http.RedirectHandler.SendAsync(HttpRequestMessage request, Boolean async, CancellationToken cancellationToken)
   at GitHub.Services.Common.RawHttpMessageHandler.SendAsync(HttpRequestMessage request, CancellationToken cancellationToken)
   at GitHub.Services.Common.VssHttpRetryMessageHandler.SendAsync(HttpRequestMessage request, CancellationToken cancellationToken)
   at System.Net.Http.HttpClient.<SendAsync>g__Core|83_0(HttpRequestMessage request, HttpCompletionOption completionOption, CancellationTokenSource cts, Boolean disposeCts, CancellationTokenSource pendingRequestsCts, CancellationToken originalCancellationToken)
[2025-08-24 15:36:15Z ERR  BrokerServer] #####################################################
[2025-08-24 15:36:15Z ERR  BrokerServer] System.IO.IOException: Unable to read data from the transport connection: The I/O operation has been aborted because of either a thread exit or an application request..
 ---> System.Net.Sockets.SocketException (995): The I/O operation has been aborted because of either a thread exit or an application request.
   --- End of inner exception stack trace ---
   at System.Net.Sockets.Socket.AwaitableSocketAsyncEventArgs.System.Threading.Tasks.Sources.IValueTaskSource<System.Int32>.GetResult(Int16 token)
   at System.Net.Security.SslStream.EnsureFullTlsFrameAsync[TIOAdapter](CancellationToken cancellationToken, Int32 estimatedSize)
   at System.Runtime.CompilerServices.PoolingAsyncValueTaskMethodBuilder`1.StateMachineBox`1.System.Threading.Tasks.Sources.IValueTaskSource<TResult>.GetResult(Int16 token)
   at System.Net.Security.SslStream.ReadAsyncInternal[TIOAdapter](Memory`1 buffer, CancellationToken cancellationToken)
   at System.Runtime.CompilerServices.PoolingAsyncValueTaskMethodBuilder`1.StateMachineBox`1.System.Threading.Tasks.Sources.IValueTaskSource<TResult>.GetResult(Int16 token)
   at System.Net.Http.HttpConnection.SendAsync(HttpRequestMessage request, Boolean async, CancellationToken cancellationToken)
[2025-08-24 15:36:15Z ERR  BrokerServer] #####################################################
[2025-08-24 15:36:15Z ERR  BrokerServer] System.Net.Sockets.SocketException (995): The I/O operation has been aborted because of either a thread exit or an application request.
[2025-08-24 15:36:15Z WARN BrokerServer] Back off 5.489 seconds before next retry. 4 attempt left.
[2025-08-24 15:36:15Z INFO BrokerMessageListener] Get next message has been cancelled.
[2025-08-24 15:36:15Z INFO JobDispatcher] Shutting down JobDispatcher. Make sure all WorkerDispatcher has finished.
[2025-08-24 15:36:15Z INFO JobDispatcher] Ensure WorkerDispatcher for job 8934a958-0024-5c1f-9e6b-60ba67ccb2b4 run to finish, cancel any running job.
[2025-08-24 15:36:15Z INFO JobDispatcher] Job request 8934a958-0024-5c1f-9e6b-60ba67ccb2b4 processed succeed.
[2025-08-24 15:36:15Z INFO Runner] Deleting Runner Session...
